[2023-07-04 11:58:14] local.INFO: El usuario bryant ha iniciado sesión  
[2023-07-04 11:58:16] local.INFO: El usuario bryant, ingresó al menu de empleados  
[2023-07-04 11:58:21] local.INFO: El usuario bryant, ingresó a la acción 'Ver solicitud de liquidacion sin editar' con id:4973  
[2023-07-04 11:58:29] local.INFO: El usuario bryant, ingresó a la acción 'Ver solicitud de liquidacion sin editar' con id:4973  
[2023-07-04 11:58:32] local.INFO: El usuario bryant, ingresó a la acción 'Ver detalles de liquidacion' para el comprobante de pago:105180  
[2023-07-04 12:02:08] local.INFO: El usuario bryant, ingresó al menu de empleados  
[2023-07-04 12:02:10] local.INFO: El usuario bryant, ingresó al menu de empleados  
[2023-07-04 12:03:01] local.INFO: El usuario bryant, ingresó al menu de ver empleado  
[2023-07-04 12:08:55] local.INFO: El usuario bryant, recalculó las provisiones para la liquidación:4973  
[2023-07-04 12:08:59] local.INFO: El usuario bryant, ingresó a la acción 'Ver detalles de liquidacion' para el comprobante de pago:105180  
[2023-07-04 12:09:35] local.INFO: El usuario bryant, recalculó las provisiones para la liquidación:4973  
[2023-07-04 12:10:28] local.INFO: El usuario bryant, ingresó a la acción 'Ver detalles de liquidacion' para el comprobante de pago:105180  
[2023-07-04 12:14:04] local.INFO: El usuario bryant, ingresó al menu de empleados  
[2023-07-04 12:16:03] local.INFO: El usuario bryant, ingresó al menu de ver empleado  
[2023-07-04 12:17:27] local.INFO: El usuario bryant, ingresó al menu 'Liquidaciones terminadas'  
[2023-07-04 12:17:30] local.INFO: El usuario bryant, ingresó al menu 'Liquidaciones terminadas'  
[2023-07-04 12:17:34] local.INFO: El usuario bryant, ingresó a la acción 'Ver solicitud de liquidacion sin editar' con id:4990  
[2023-07-04 12:18:19] local.INFO: El usuario bryant, ingresó a la acción 'Ver solicitud de liquidacion sin editar' con id:4990  
[2023-07-04 12:18:23] local.INFO: El usuario bryant, ingresó a la acción 'Ver detalles de liquidacion' para el comprobante de pago:106307  
[2023-07-04 12:18:37] local.INFO: El usuario bryant, ingresó a la acción 'Ver solicitud de liquidacion sin editar' con id:4932  
[2023-07-04 12:18:40] local.INFO: El usuario bryant, ingresó a la acción 'Ver detalles de liquidacion' para el comprobante de pago:104345  
[2023-07-04 12:19:19] local.INFO: El usuario bryant, ingresó a la acción 'Ver solicitud de liquidacion sin editar' con id:4990  
[2023-07-04 12:19:23] local.INFO: El usuario bryant, ingresó a la acción 'Ver detalles de liquidacion' para el comprobante de pago:106307  
[2023-07-04 12:19:29] local.INFO: El usuario bryant, ingresó a la acción 'Ver solicitud de liquidacion sin editar' con id:4918  
[2023-07-04 12:19:32] local.INFO: El usuario bryant, ingresó a la acción 'Ver detalles de liquidacion' para el comprobante de pago:104096  
[2023-07-04 12:33:00] local.INFO: El usuario bryant, ingresó a la acción 'Ver solicitud de liquidacion sin editar' con id:4918  
[2023-07-04 12:33:01] local.INFO: El usuario bryant, ingresó a la acción 'Ver solicitud de liquidacion sin editar' con id:4918  
[2023-07-04 12:33:13] local.INFO: El usuario bryant, ingresó a la acción 'Ver solicitud de liquidacion sin editar' con id:4932  
[2023-07-04 12:33:19] local.INFO: El usuario bryant, ingresó a la acción 'Ver solicitud de liquidacion sin editar' con id:4990  
[2023-07-04 12:33:24] local.INFO: El usuario bryant, ingresó a la acción 'Ver solicitud de liquidacion sin editar' con id:4990  
[2023-07-04 12:33:26] local.INFO: El usuario bryant, ingresó a la acción 'Ver solicitud de liquidacion sin editar' con id:4903  
[2023-07-04 12:33:29] local.INFO: El usuario bryant, ingresó a la acción 'Ver detalles de liquidacion' para el comprobante de pago:103251  
[2023-07-04 12:33:33] local.INFO: El usuario bryant, ingresó a la acción 'Ver detalles de liquidacion' para el comprobante de pago:106307  
[2023-07-04 12:33:55] local.INFO: El usuario bryant, ingresó a la acción 'Ver detalles de liquidacion' para el comprobante de pago:104345  
[2023-07-04 12:40:13] local.INFO: El usuario bryant, ingresó al menu 'Documento seguridad social'  
[2023-07-04 14:27:08] local.INFO: El usuario bryant ha iniciado sesión  
[2023-07-04 14:27:09] local.INFO: El usuario bryant, ingresó al menu de empleados  
[2023-07-04 14:27:19] local.INFO: El usuario bryant, ingresó al menu de empleados  
[2023-07-04 14:27:22] local.INFO: El usuario bryant, ingresó al menu reporte contable  
[2023-07-04 14:27:26] local.INFO: El usuario bryant, ingresó al menu 'Documento seguridad social'  
[2023-07-04 14:36:16] local.INFO: El usuario bryant, generó un 'Documento seguridad social' de la fecha:2023-06-30, para la empresa:23  
[2023-07-04 14:39:24] local.INFO: El usuario bryant, generó un 'Documento seguridad social' de la fecha:2023-06-30, para la empresa:23  
[2023-07-04 14:40:36] local.INFO: El usuario bryant, generó un 'Documento seguridad social' de la fecha:2023-06-30, para la empresa:23  
[2023-07-04 15:02:37] local.INFO: El usuario bryant, ingresó al menu 'Reporteador'  
[2023-07-04 15:27:13] local.INFO: El usuario bryant, ingresó al menu de empleados  
[2023-07-04 15:27:15] local.INFO: El usuario bryant, ingresó al menu de ver empleado  
[2023-07-04 15:38:57] local.INFO: El usuario bryant, ingresó al menu 'Documento seguridad social'  
[2023-07-04 15:39:46] local.INFO: El usuario bryant, generó un 'Documento seguridad social' de la fecha:2023-06-30, para la empresa:23  
[2023-07-04 17:01:38] local.INFO: El usuario bryant ha iniciado sesión  
[2023-07-04 17:01:39] local.INFO: El usuario bryant, ingresó al menu de empleados  
[2023-07-04 17:01:42] local.INFO: El usuario bryant, ingresó al menu de empleados  
[2023-07-05 16:12:23] local.INFO: El usuario bryant ha iniciado sesión  
[2023-07-05 16:12:24] local.INFO: El usuario bryant, ingresó al menu de empleados  
[2023-07-05 16:12:35] local.INFO: El usuario bryant, ingresó al menu 'Enviar correos'  
[2023-07-05 16:17:23] local.INFO: El usuario bryant, ingresó a la acción 'Ver solicitud de liquidacion sin editar' con id:4990  
[2023-07-06 12:41:47] local.INFO: El usuario bryant ha iniciado sesión  
[2023-07-06 12:41:49] local.INFO: El usuario bryant, ingresó al menu de empleados  
[2023-07-06 12:43:48] local.INFO: El usuario bryant, ingresó al menu reporte contable  
[2023-07-06 12:43:59] local.INFO: El usuario bryant, generó un reporte contable  
[2023-07-06 12:44:06] local.INFO: El usuario bryant, generó un reporte contable  
[2023-07-06 12:47:40] local.INFO: El usuario bryant, ingresó al menu de conceptos  
[2023-07-06 13:37:04] local.INFO: El usuario bryant ha iniciado sesión  
[2023-07-06 13:37:06] local.INFO: El usuario bryant, ingresó al menu de empleados  
[2023-07-06 13:37:17] local.INFO: El usuario bryant, ingresó al menu 'Documento seguridad social'  
[2023-07-06 13:37:48] local.INFO: El usuario bryant, generó un 'Documento seguridad social' de la fecha:2023-06-30, para la empresa:11  
[2023-07-06 13:45:51] local.INFO: El usuario bryant, ingresó al menu de empleados  
[2023-07-06 13:46:01] local.INFO: El usuario bryant, ingresó al menu de empleados  
[2023-07-06 13:46:04] local.INFO: El usuario bryant, ingresó al menu de modificar empleado  
[2023-07-06 13:46:21] local.INFO: El usuario bryant, ingresó al menu 'Liquidaciones terminadas'  
[2023-07-06 13:46:25] local.INFO: El usuario bryant, ingresó al menu 'Liquidaciones terminadas'  
[2023-07-06 13:46:29] local.INFO: El usuario bryant, ingresó a la acción 'Ver solicitud de liquidacion sin editar' con id:4935  
[2023-07-06 13:46:39] local.INFO: El usuario bryant, ingresó a la acción 'Ver solicitud de liquidacion sin editar' con id:4935  
[2023-07-06 13:46:42] local.INFO: El usuario bryant, ingresó a la acción 'Ver detalles de liquidacion' para el comprobante de pago:104542  
[2023-07-06 13:51:03] local.INFO: El usuario bryant, generó un 'Documento seguridad social' de la fecha:2023-06-30, para la empresa:11  
[2023-07-06 13:53:32] local.INFO: El usuario bryant, unió la SS y la contabilidad de la liquidacion:4935  
[2023-07-06 13:53:50] local.INFO: El usuario bryant, ingresó al menu reporte contable  
[2023-07-06 13:53:54] local.INFO: El usuario bryant, generó un reporte contable  
[2023-07-06 13:55:36] local.INFO: El usuario bryant, ingresó al menu reporte contable  
[2023-07-06 14:00:43] local.INFO: El usuario bryant, ingresó a la acción 'Ver solicitud de liquidacion sin editar' con id:4935  
[2023-07-06 14:00:45] local.INFO: El usuario bryant, ingresó a la acción 'Ver solicitud de liquidacion sin editar' con id:4825  
[2023-07-06 14:02:23] local.INFO: El usuario bryant, ingresó al menu de catalogo contable  
[2023-07-06 14:02:27] local.INFO: El usuario bryant, ingresó al menu de catalogo contable  
[2023-07-06 14:02:29] local.INFO: El usuario bryant, ingresó al menu de catalogo contable  
[2023-07-06 14:02:33] local.INFO: El usuario bryant, ingresó al menu de catalogo contable  
[2023-07-06 14:10:12] local.INFO: El usuario bryant, ingresó a la acción 'Ver detalles de liquidacion' para el comprobante de pago:104542  
[2023-07-14 14:50:41] local.INFO: El usuario bryant ha iniciado sesión  
[2023-07-14 14:50:42] local.INFO: El usuario bryant, ingresó al menu de empleados  
[2023-07-14 14:51:08] local.INFO: El usuario bryant, ingresó al menu 'Solicitudes de liquidacion'  
[2023-07-14 14:51:12] local.INFO: El usuario bryant, ingresó al menu 'Liquidaciones terminadas'  
[2023-07-14 14:51:22] local.INFO: El usuario bryant, ingresó al menu de 'Notificaciones'  
[2023-07-14 14:51:23] local.INFO: El usuario bryant, ingresó al menu de empleados  
[2023-07-14 14:51:24] local.INFO: El usuario bryant, ingresó al menu de empleados  
[2023-07-14 14:51:35] local.INFO: El usuario bryant, ingresó al menu 'Liquidaciones terminadas'  
[2023-07-14 14:51:35] local.INFO: El usuario bryant, ingresó al menu 'Liquidaciones terminadas'  
[2023-07-14 21:15:08] local.INFO: El usuario bryant ha iniciado sesión  
[2023-07-14 21:15:09] local.INFO: El usuario bryant, ingresó al menu de empleados  
[2023-07-14 21:15:17] local.INFO: El usuario bryant, ingresó al menu 'Nómina electrónica'  
[2023-07-14 16:15:55] local.INFO: El usuario bryant, generó un reporte de nómina electrónica, tipo de reporte:JSON  
[2023-07-16 15:37:13] local.INFO: El usuario bryant ha iniciado sesión  
[2023-07-16 15:37:14] local.INFO: El usuario bryant, ingresó al menu de empleados  
[2023-07-16 15:37:21] local.INFO: El usuario bryant, ingresó al menu de empleados  
[2023-07-16 15:37:32] local.INFO: El usuario bryant, ingresó al menu 'Reporte provisiones'  
[2023-07-16 15:38:40] local.INFO: El usuario bryant, generó un reporte de provisiones  
[2023-07-16 15:40:13] local.INFO: El usuario bryant, generó un reporte de provisiones  
[2023-07-16 15:41:03] local.INFO: El usuario bryant, ingresó al menu de empleados  
[2023-07-16 15:41:06] local.INFO: El usuario bryant, ingresó al menu de empleados  
[2023-07-16 15:41:12] local.INFO: El usuario bryant, ingresó al menu de modificar empleado  
[2023-07-16 15:43:22] local.INFO: El usuario bryant, ingresó al menu 'Liquidaciones terminadas'  
[2023-07-16 15:43:33] local.INFO: El usuario bryant, ingresó al menu 'Liquidaciones terminadas'  
[2023-07-16 15:43:36] local.INFO: El usuario bryant, ingresó a la acción 'Ver solicitud de liquidacion sin editar' con id:4950  
[2023-07-16 15:43:45] local.INFO: El usuario bryant, ingresó a la acción 'Ver detalles de liquidacion' para el comprobante de pago:104776  
[2023-07-16 15:44:42] local.INFO: El usuario bryant, reversó la liquidación con id:4950  
[2023-07-16 15:44:42] local.INFO: El usuario bryant, ingresó al menu 'Solicitudes de liquidacion'  
[2023-07-16 15:50:15] local.INFO: El usuario bryant, ingresó a la acción 'Ver solicitud de liquidacion' con id:4950  
[2023-07-16 15:50:20] local.INFO: El usuario bryant, ingresó a la acción 'Ver detalles de liquidacion' para el comprobante de pago:104776  
[2023-07-16 15:50:32] local.INFO: El usuario bryant, recalculó el comprobante de pago con id:104776  
[2023-07-16 15:50:33] local.INFO: El usuario bryant, ingresó a la acción 'Ver detalles de liquidacion' para el comprobante de pago:104776  
[2023-07-16 16:00:23] local.INFO: El usuario bryant, ingresó a la acción 'Ver detalles de liquidacion' para el comprobante de pago:104787  
[2023-07-16 16:01:48] local.INFO: El usuario bryant, generó un reporte de provisiones  
[2023-07-16 16:02:49] local.INFO: El usuario bryant, generó un reporte de provisiones  
[2023-07-16 16:03:21] local.INFO: El usuario bryant, generó un reporte de provisiones  
[2023-07-16 16:03:33] local.INFO: El usuario bryant, generó un reporte de provisiones  
[2023-07-16 16:26:15] local.INFO: El usuario bryant, recalculó el comprobante de pago con id:104787  
[2023-07-16 16:26:16] local.INFO: El usuario bryant, ingresó a la acción 'Ver detalles de liquidacion' para el comprobante de pago:104787  
[2023-07-16 16:30:26] local.INFO: El usuario bryant, ingresó a la acción 'Ver detalles de liquidacion' para el comprobante de pago:104774  
[2023-07-16 16:31:37] local.INFO: El usuario bryant, ingresó a la acción 'Ver detalles de liquidacion' para el comprobante de pago:104777  
[2023-07-16 16:32:07] local.INFO: El usuario bryant, recalculó el comprobante de pago con id:104777  
[2023-07-16 16:32:08] local.INFO: El usuario bryant, ingresó a la acción 'Ver detalles de liquidacion' para el comprobante de pago:104777  
[2023-07-16 16:32:37] local.INFO: El usuario bryant, ingresó a la acción 'Ver detalles de liquidacion' para el comprobante de pago:104779  
[2023-07-16 16:33:58] local.INFO: El usuario bryant, ingresó a la acción 'Ver detalles de liquidacion' para el comprobante de pago:104781  
[2023-07-16 16:34:43] local.INFO: El usuario bryant, ingresó a la acción 'Ver detalles de liquidacion' para el comprobante de pago:104783  
[2023-07-16 16:35:22] local.INFO: El usuario bryant, ingresó a la acción 'Ver detalles de liquidacion' para el comprobante de pago:104792  
[2023-07-16 16:35:34] local.INFO: El usuario bryant, recalculó el comprobante de pago con id:104792  
[2023-07-16 16:35:34] local.INFO: El usuario bryant, ingresó a la acción 'Ver detalles de liquidacion' para el comprobante de pago:104792  
[2023-07-16 16:38:21] local.INFO: El usuario bryant, ingresó al menu de empleados  
[2023-07-16 16:41:10] local.INFO: El usuario bryant, generó un reporte de provisiones  
[2023-07-16 16:53:37] local.INFO: El usuario bryant, ingresó a la acción 'Ver solicitud de liquidacion sin editar' con id:4945  
[2023-07-16 16:55:04] local.INFO: El usuario bryant, ingresó a la acción 'Ver detalles de liquidacion' para el comprobante de pago:104709  
[2023-07-16 16:55:06] local.INFO: El usuario bryant, ingresó a la acción 'Ver solicitud de liquidacion sin editar' con id:4945  
[2023-07-16 16:55:38] local.INFO: El usuario bryant, ingresó a la acción 'Ver solicitud de liquidacion sin editar' con id:4945  
[2023-07-16 16:55:41] local.INFO: El usuario bryant, ingresó a la acción 'Ver detalles de liquidacion' para el comprobante de pago:104709  
[2023-07-16 16:58:19] local.INFO: El usuario bryant, ingresó al menu 'Variables'  
[2023-07-16 18:47:05] local.INFO: El usuario bryant ha iniciado sesión  
[2023-07-16 18:47:06] local.INFO: El usuario bryant, ingresó al menu de empleados  
[2023-07-16 18:54:52] local.INFO: El usuario bryant, reversó la liquidación con id:4945  
[2023-07-16 18:54:53] local.INFO: El usuario bryant, ingresó al menu 'Solicitudes de liquidacion'  
[2023-07-16 18:55:03] local.INFO: El usuario bryant, ingresó a la acción 'Ver solicitud de liquidacion' con id:4945  
[2023-07-16 18:55:06] local.INFO: El usuario bryant, ingresó a la acción 'Ver detalles de liquidacion' para el comprobante de pago:104709  
[2023-07-16 19:08:46] local.INFO: El usuario bryant, aprobó la liquidación con id:4945  
[2023-07-16 19:08:46] local.INFO: El usuario bryant, ingresó a la acción 'Ver solicitud de liquidacion' con id:4945  
[2023-07-16 19:11:37] local.INFO: El usuario bryant, ingresó a la acción 'Ver solicitud de liquidacion sin editar' con id:4945  
[2023-07-16 19:11:40] local.INFO: El usuario bryant, ingresó a la acción 'Ver detalles de liquidacion' para el comprobante de pago:104709  
[2023-07-16 19:11:47] local.INFO: El usuario bryant, ingresó al menu 'Reporte provisiones'  
[2023-07-16 19:12:15] local.INFO: El usuario bryant, generó un reporte de provisiones  
